[09:12:22] [ServerMain/INFO]: Environment: authHost='https://authserver.mojang.com', accountsHost='https://api.mojang.com', sessionHost='https://sessionserver.mojang.com', servicesHost='https://api.minecraftservices.com', name='PROD'
[09:12:24] [ServerMain/WARN]: Ambiguity between arguments [teleport, location] and [teleport, destination] with inputs: [0.1 -0.5 .9, 0 0 0]
[09:12:24] [ServerMain/WARN]: Ambiguity between arguments [teleport, location] and [teleport, targets] with inputs: [0.1 -0.5 .9, 0 0 0]
[09:12:24] [ServerMain/WARN]: Ambiguity between arguments [teleport, destination] and [teleport, targets] with inputs: [Player, 0123, @e, dd12be42-52a9-4a91-a8a1-11c01849e498]
[09:12:24] [ServerMain/WARN]: Ambiguity between arguments [teleport, targets] and [teleport, destination] with inputs: [Player, 0123, dd12be42-52a9-4a91-a8a1-11c01849e498]
[09:12:24] [ServerMain/WARN]: Ambiguity between arguments [teleport, targets, location] and [teleport, targets, destination] with inputs: [0.1 -0.5 .9, 0 0 0]
[09:12:24] [ServerMain/INFO]: Reloading ResourceManager: Default
[09:12:26] [Worker-Main-2/INFO]: Loaded 7 recipes
[09:12:28] [Worker-Main-2/INFO]: Loaded 1141 advancements
[09:12:37] [Server thread/INFO]: Starting minecraft server version 1.18.1
[09:12:37] [Server thread/WARN]: To start the server with more ram, launch it as "java -Xmx1024M -Xms1024M -jar minecraft_server.jar"
[09:12:37] [Server thread/INFO]: Loading properties
[09:12:37] [Server thread/INFO]: Default game type: SURVIVAL
[09:12:37] [Server thread/INFO]: Generating keypair
[09:12:38] [Server thread/INFO]: Starting Minecraft server on *:25565
[09:12:39] [Server thread/INFO]: Using epoll channel type
[09:12:40] [Server thread/WARN]: **** SERVER IS RUNNING IN OFFLINE/INSECURE MODE!
[09:12:40] [Server thread/WARN]: The server will make no attempt to authenticate usernames. Beware.
[09:12:40] [Server thread/WARN]: While this makes the game possible to play without internet access, it also opens up the ability for hackers to connect with any username they choose.
[09:12:40] [Server thread/WARN]: To change this, set "online-mode" to "true" in the server.properties file.
[09:12:40] [Server thread/INFO]: Preparing level "world"
[09:12:41] [Server thread/INFO]: Preparing start region for dimension minecraft:overworld
[09:13:27] [Server thread/INFO]: Stopping server
